{"level":"info","message":"\u001b[0mGET /api/menu \u001b[36m304\u001b[0m 148.022 ms - -\u001b[0m","module":"http","service":"restaurant-backend","timestamp":"2025-12-23T04:08:40.936Z"}
{"level":"info","message":"\u001b[0mGET /api/orders/session/customer-1766208851844-db9tohfel \u001b[36m304\u001b[0m 178.953 ms - -\u001b[0m","module":"http","service":"restaurant-backend","timestamp":"2025-12-23T04:08:40.968Z"}
{"level":"info","message":"\u001b[0mGET /images/chicken%20karahi.jpg \u001b[36m304\u001b[0m 1.001 ms - -\u001b[0m","module":"http","service":"restaurant-backend","timestamp":"2025-12-23T04:08:41.278Z"}
{"level":"info","message":"\u001b[0mGET /images/beef%20nihari.jpg \u001b[36m304\u001b[0m 1.752 ms - -\u001b[0m","module":"http","service":"restaurant-backend","timestamp":"2025-12-23T04:08:41.279Z"}
{"level":"info","message":"\u001b[0mGET /images/chana%20masala.jpg \u001b[36m304\u001b[0m 2.155 ms - -\u001b[0m","module":"http","service":"restaurant-backend","timestamp":"2025-12-23T04:08:41.279Z"}
{"level":"info","message":"\u001b[0mGET /images/beef%20burger.jpg \u001b[36m304\u001b[0m 2.697 ms - -\u001b[0m","module":"http","service":"restaurant-backend","timestamp":"2025-12-23T04:08:41.280Z"}
{"level":"info","message":"\u001b[0mGET /images/chicken%20biryani.jpg \u001b[36m304\u001b[0m 4.049 ms - -\u001b[0m","module":"http","service":"restaurant-backend","timestamp":"2025-12-23T04:08:41.283Z"}
{"level":"info","message":"\u001b[0mGET /images/chicken%20tikka.jpg \u001b[36m304\u001b[0m 11.077 ms - -\u001b[0m","module":"http","service":"restaurant-backend","timestamp":"2025-12-23T04:08:41.289Z"}
{"level":"info","message":"\u001b[0mGET /images/french%20fries.jpg \u001b[36m304\u001b[0m 7.110 ms - -\u001b[0m","module":"http","service":"restaurant-backend","timestamp":"2025-12-23T04:08:41.319Z"}
{"level":"info","message":"\u001b[0mGET /images/pizza%20margherita.jpg \u001b[36m304\u001b[0m 11.367 ms - -\u001b[0m","module":"http","service":"restaurant-backend","timestamp":"2025-12-23T04:08:41.324Z"}
{"level":"info","message":"\u001b[0mGET /images/chicken%20wings.jpg \u001b[36m304\u001b[0m 13.157 ms - -\u001b[0m","module":"http","service":"restaurant-backend","timestamp":"2025-12-23T04:08:41.326Z"}
{"level":"info","message":"\u001b[0mGET /images/pasta%20carbonara.jpg \u001b[36m304\u001b[0m 14.019 ms - -\u001b[0m","module":"http","service":"restaurant-backend","timestamp":"2025-12-23T04:08:41.327Z"}
{"level":"info","message":"\u001b[0mGET /images/club%20sandwich.jpg \u001b[36m304\u001b[0m 17.196 ms - -\u001b[0m","module":"http","service":"restaurant-backend","timestamp":"2025-12-23T04:08:41.330Z"}
{"level":"info","message":"\u001b[0mGET /images/grilled%20salmon.jpg \u001b[36m304\u001b[0m 14.773 ms - -\u001b[0m","module":"http","service":"restaurant-backend","timestamp":"2025-12-23T04:08:41.333Z"}
{"level":"info","message":"\u001b[0mGET /images/beef%20steak.jpg \u001b[36m304\u001b[0m 15.929 ms - -\u001b[0m","module":"http","service":"restaurant-backend","timestamp":"2025-12-23T04:08:41.351Z"}
{"level":"info","message":"\u001b[0mGET /images/caesar%20salad.jpg \u001b[36m304\u001b[0m 13.341 ms - -\u001b[0m","module":"http","service":"restaurant-backend","timestamp":"2025-12-23T04:08:41.353Z"}
{"level":"info","message":"\u001b[0mGET /images/mushroom%20risotto.jpg \u001b[36m304\u001b[0m 13.318 ms - -\u001b[0m","module":"http","service":"restaurant-backend","timestamp":"2025-12-23T04:08:41.355Z"}
{"level":"info","message":"\u001b[0mGET /images/coca%20cola.jpg \u001b[36m304\u001b[0m 13.604 ms - -\u001b[0m","module":"http","service":"restaurant-backend","timestamp":"2025-12-23T04:08:41.356Z"}
{"level":"info","message":"\u001b[0mGET /images/fresh%20lime%20soda.jpg \u001b[36m304\u001b[0m 9.813 ms - -\u001b[0m","module":"http","service":"restaurant-backend","timestamp":"2025-12-23T04:08:41.360Z"}
{"level":"info","message":"\u001b[0mGET /images/mango%20lassi.jpg \u001b[36m304\u001b[0m 11.034 ms - -\u001b[0m","module":"http","service":"restaurant-backend","timestamp":"2025-12-23T04:08:41.361Z"}
{"level":"info","message":"\u001b[0mGET /images/mineral%20water.jpg \u001b[36m304\u001b[0m 5.688 ms - -\u001b[0m","module":"http","service":"restaurant-backend","timestamp":"2025-12-23T04:08:41.365Z"}
{"level":"info","message":"\u001b[0mGET /images/chocolate%20brownie.jpg \u001b[36m304\u001b[0m 4.184 ms - -\u001b[0m","module":"http","service":"restaurant-backend","timestamp":"2025-12-23T04:08:41.368Z"}
{"level":"info","message":"\u001b[0mGET /images/cheesecake.jpg \u001b[36m304\u001b[0m 5.124 ms - -\u001b[0m","module":"http","service":"restaurant-backend","timestamp":"2025-12-23T04:08:41.369Z"}
{"level":"info","message":"\u001b[0mGET /images/gulab%20jamun.jpg \u001b[36m304\u001b[0m 5.948 ms - -\u001b[0m","module":"http","service":"restaurant-backend","timestamp":"2025-12-23T04:08:41.370Z"}
